<?xml version="1.0" encoding="UTF-8"?>
<!-- Generated by org.testng.reporters.JUnitReportReporter -->
<testsuite hostname="FTD-NB-THUSITH" failures="0" tests="1" name="com.uiFrameWork.A" time="0.008" errors="0" timestamp="11 Dec 2018 13:36:44 GMT" skipped="0">
  <testcase classname="com.uiFrameWork.A" name="testLoginA" time="0.008"/>
</testsuite> <!-- com.uiFrameWork.A -->
