<?xml version="1.0" encoding="UTF-8"?>
<!-- Generated by org.testng.reporters.JUnitReportReporter -->
<testsuite hostname="FTD-NB-THUSITH" failures="0" tests="3" name="com.uiFrameWork.B" time="0.008" errors="0" timestamp="05 Dec 2018 07:15:58 GMT" skipped="2">
  <testcase classname="com.uiFrameWork.B" name="testLoginB" time="0.002">
    <skipped/>
  </testcase> <!-- testLoginB -->
  <testcase classname="com.uiFrameWork.B" name="testLoginB" time="0.003">
    <skipped/>
  </testcase> <!-- testLoginB -->
  <testcase classname="com.uiFrameWork.B" name="testLoginB" time="0.003"/>
</testsuite> <!-- com.uiFrameWork.B -->
