<?xml version="1.0" encoding="UTF-8"?>
<!-- Generated by org.testng.reporters.JUnitReportReporter -->
<testsuite hostname="FTD-NB-THUSITH" failures="0" tests="1" name="com.uiFrameWork.zone92.projectAutomation.testScripts.TestScreenShot" time="7.146" errors="0" timestamp="11 Dec 2018 13:36:44 GMT" skipped="0">
  <testcase classname="com.uiFrameWork.zone92.projectAutomation.testScripts.TestScreenShot" name="testScreen" time="7.146"/>
</testsuite> <!-- com.uiFrameWork.zone92.projectAutomation.testScripts.TestScreenShot -->
