<?xml version="1.0" encoding="UTF-8"?>
<!-- Generated by org.testng.reporters.JUnitReportReporter -->
<testsuite hostname="FTD-NB-THUSITH" failures="0" tests="1" name="com.uiFrameWork.A" time="0.014" errors="0" timestamp="05 Dec 2018 07:15:58 GMT" skipped="0">
  <testcase classname="com.uiFrameWork.A" name="testLoginA" time="0.014"/>
</testsuite> <!-- com.uiFrameWork.A -->
