<?xml version="1.0" encoding="UTF-8"?>
<!-- Generated by org.testng.reporters.JUnitReportReporter -->
<testsuite hostname="FTD-NB-THUSITH" failures="0" tests="3" name="com.uiFrameWork.C" time="0.012" errors="0" timestamp="05 Dec 2018 07:15:58 GMT" skipped="2">
  <testcase classname="com.uiFrameWork.C" name="testLoginC" time="0.002"/>
  <testcase classname="com.uiFrameWork.C" name="testLoginC" time="0.007">
    <skipped/>
  </testcase> <!-- testLoginC -->
  <testcase classname="com.uiFrameWork.C" name="testLoginC" time="0.003">
    <skipped/>
  </testcase> <!-- testLoginC -->
</testsuite> <!-- com.uiFrameWork.C -->
